<?xml version="1.0" encoding="UTF-8"?>
<!-- Generated by org.testng.reporters.JUnitXMLReporter -->
<testsuite hostname="addramya" ignored="0" name="Default test" tests="2" failures="0" timestamp="31 Jul 2018 04:52:57 GMT" time="16.853" errors="0">
  <testcase name="testB" time="15.42" classname="com.selenium.ddf.testcases.DummyTestB"/>
  <testcase name="testB" time="0.092" classname="com.selenium.ddf.testcases.DummyTestB">
    <skipped/>
  </testcase> <!-- testB -->
</testsuite> <!-- Default test -->
