<?xml version="1.0" encoding="UTF-8"?>
<!-- Generated by org.testng.reporters.JUnitXMLReporter -->
<testsuite hostname="addramya" ignored="0" name="TestC" tests="4" failures="0" timestamp="22 Jul 2018 09:15:13 GMT" time="12.757" errors="0">
  <testcase name="testC" time="5.45" classname="com.selenium.ddf.testcases.DummyTestC"/>
  <testcase name="testC" time="0.124" classname="com.selenium.ddf.testcases.DummyTestC">
    <skipped/>
  </testcase> <!-- testC -->
  <testcase name="testC" time="6.631" classname="com.selenium.ddf.testcases.DummyTestC"/>
  <testcase name="testC" time="0.071" classname="com.selenium.ddf.testcases.DummyTestC">
    <skipped/>
  </testcase> <!-- testC -->
</testsuite> <!-- TestC -->
