<?xml version="1.0" encoding="UTF-8"?>
<!-- Generated by org.testng.reporters.JUnitXMLReporter -->
<testsuite hostname="addramya" ignored="0" name="TestA" tests="3" failures="0" timestamp="22 Jul 2018 09:14:30 GMT" time="0.788" errors="0">
  <testcase name="testA1" time="0.031" classname="com.selenium.ddf.testcases.DummytestA"/>
  <testcase name="testA2" time="0.0" classname="com.selenium.ddf.testcases.DummytestA"/>
  <testcase name="testA3" time="0.0" classname="com.selenium.ddf.testcases.DummytestA"/>
</testsuite> <!-- TestA -->
