<?xml version="1.0" encoding="UTF-8"?>
<testng-results skipped="1" failed="0" ignored="0" total="2" passed="1">
  <reporter-output>
  </reporter-output>
  <suite name="Default suite" duration-ms="16853" started-at="2018-07-31T04:52:40Z" finished-at="2018-07-31T04:52:57Z">
    <groups>
    </groups>
    <test name="Default test" duration-ms="16853" started-at="2018-07-31T04:52:40Z" finished-at="2018-07-31T04:52:57Z">
      <class name="com.selenium.ddf.testcases.DummyTestB">
        <test-method status="PASS" signature="testB(java.util.Hashtable)[pri:0, instance:com.selenium.ddf.testcases.DummyTestB@41ee392b]" name="testB" duration-ms="15420" started-at="2018-07-31T10:22:41Z" data-provider="getData" finished-at="2018-07-31T10:22:56Z">
          <params>
            <param index="0">
              <value>
                <![CDATA[{Col5=B9, Col4=B4, Col3=B3, Col2=B2, Col1=B1, Runmode=Y}]]>
              </value>
            </param>
          </params>
          <reporter-output>
          </reporter-output>
        </test-method> <!-- testB -->
        <test-method status="PASS" signature="quit()[pri:0, instance:com.selenium.ddf.testcases.DummyTestB@41ee392b]" name="quit" is-config="true" duration-ms="531" started-at="2018-07-31T10:22:56Z" finished-at="2018-07-31T10:22:57Z">
          <reporter-output>
          </reporter-output>
        </test-method> <!-- quit -->
        <test-method status="SKIP" signature="testB(java.util.Hashtable)[pri:0, instance:com.selenium.ddf.testcases.DummyTestB@41ee392b]" name="testB" duration-ms="92" started-at="2018-07-31T10:22:57Z" data-provider="getData" finished-at="2018-07-31T10:22:57Z">
          <params>
            <param index="0">
              <value>
                <![CDATA[{Col5=B10, Col4=B8, Col3=B7, Col2=B6, Col1=B5, Runmode=N}]]>
              </value>
            </param>
          </params>
          <exception class="org.testng.SkipException">
            <message>
              <![CDATA[Skipping the test with rumode as N]]>
            </message>
            <full-stacktrace>
              <![CDATA[org.testng.SkipException: Skipping the test with rumode as N
	at com.selenium.ddf.testcases.DummyTestB.testB(DummyTestB.java:31)
	at sun.reflect.NativeMethodAccessorImpl.invoke0(Native Method)
	at sun.reflect.NativeMethodAccessorImpl.invoke(NativeMethodAccessorImpl.java:62)
	at sun.reflect.DelegatingMethodAccessorImpl.invoke(DelegatingMethodAccessorImpl.java:43)
	at java.lang.reflect.Method.invoke(Method.java:498)
	at org.testng.internal.MethodInvocationHelper.invokeMethod(MethodInvocationHelper.java:104)
	at org.testng.internal.Invoker.invokeMethod(Invoker.java:645)
	at org.testng.internal.Invoker.invokeTestMethod(Invoker.java:851)
	at org.testng.internal.Invoker.invokeTestMethods(Invoker.java:1177)
	at org.testng.internal.TestMethodWorker.invokeTestMethods(TestMethodWorker.java:129)
	at org.testng.internal.TestMethodWorker.run(TestMethodWorker.java:112)
	at org.testng.TestRunner.privateRun(TestRunner.java:756)
	at org.testng.TestRunner.run(TestRunner.java:610)
	at org.testng.SuiteRunner.runTest(SuiteRunner.java:387)
	at org.testng.SuiteRunner.runSequentially(SuiteRunner.java:382)
	at org.testng.SuiteRunner.privateRun(SuiteRunner.java:340)
	at org.testng.SuiteRunner.run(SuiteRunner.java:289)
	at org.testng.SuiteRunnerWorker.runSuite(SuiteRunnerWorker.java:52)
	at org.testng.SuiteRunnerWorker.run(SuiteRunnerWorker.java:86)
	at org.testng.TestNG.runSuitesSequentially(TestNG.java:1293)
	at org.testng.TestNG.runSuitesLocally(TestNG.java:1218)
	at org.testng.TestNG.runSuites(TestNG.java:1133)
	at org.testng.TestNG.run(TestNG.java:1104)
	at org.testng.remote.AbstractRemoteTestNG.run(AbstractRemoteTestNG.java:114)
	at org.testng.remote.RemoteTestNG.initAndRun(RemoteTestNG.java:251)
	at org.testng.remote.RemoteTestNG.main(RemoteTestNG.java:77)
]]>
            </full-stacktrace>
          </exception> <!-- org.testng.SkipException -->
          <reporter-output>
          </reporter-output>
        </test-method> <!-- testB -->
        <test-method status="PASS" signature="quit()[pri:0, instance:com.selenium.ddf.testcases.DummyTestB@41ee392b]" name="quit" is-config="true" duration-ms="101" started-at="2018-07-31T10:22:57Z" finished-at="2018-07-31T10:22:57Z">
          <reporter-output>
          </reporter-output>
        </test-method> <!-- quit -->
      </class> <!-- com.selenium.ddf.testcases.DummyTestB -->
    </test> <!-- Default test -->
  </suite> <!-- Default suite -->
</testng-results>
